<?xml version="1.0" encoding="UTF-8"?>
<robot generator="Robot 7.4.2 (Python 3.14.3 on win32)" generated="2026-03-16T21:29:36.033106" rpa="false" schemaversion="5">
<suite id="s1" name="Admin Login Tests" source="C:\Users\djole\OneDrive\Radna površina\Automation\evershop-automation\tests\admin_login_tests.robot">
<test id="s1-t1" name="Valid Admin Login And Logout" line="20">
<kw name="Open Admin Login Page" owner="admin_login_page" type="SETUP">
<kw name="Open Browser" owner="SeleniumLibrary">
<msg time="2026-03-16T21:29:36.214831" level="INFO">Opening browser 'chrome' to base url 'http://localhost:3000/admin/login'.</msg>
<arg>${ADMIN_URL}</arg>
<arg>chrome</arg>
<doc>Opens a new browser instance to the optional ``url``.</doc>
<status status="PASS" start="2026-03-16T21:29:36.214373" elapsed="0.820399"/>
</kw>
<kw name="Set Selenium Speed" owner="SeleniumLibrary">
<arg>0.1s</arg>
<doc>Sets the delay that is waited after each Selenium command.</doc>
<status status="PASS" start="2026-03-16T21:29:37.035591" elapsed="0.001065"/>
</kw>
<kw name="Maximize Browser Window" owner="SeleniumLibrary">
<doc>Maximizes current browser window.</doc>
<status status="PASS" start="2026-03-16T21:29:37.037095" elapsed="0.352169"/>
</kw>
<kw name="Wait Until Element Is Visible" owner="SeleniumLibrary">
<arg>${EMAIL_FIELD}</arg>
<arg>10s</arg>
<doc>Waits until the element ``locator`` is visible.</doc>
<status status="PASS" start="2026-03-16T21:29:37.389618" elapsed="0.235340"/>
</kw>
<status status="PASS" start="2026-03-16T21:29:36.212946" elapsed="1.412228"/>
</kw>
<kw name="Login With Credentials" owner="admin_login_page">
<kw name="Enter Email" owner="admin_login_page">
<kw name="Input Text" owner="SeleniumLibrary">
<msg time="2026-03-16T21:29:37.627252" level="INFO">Typing text 'djolevukas@gmail.com' into text field 'id=field-email'.</msg>
<arg>${EMAIL_FIELD}</arg>
<arg>${email}</arg>
<doc>Types the given ``text`` into the text field identified by ``locator``.</doc>
<status status="PASS" start="2026-03-16T21:29:37.626885" elapsed="0.490452"/>
</kw>
<arg>${email}</arg>
<status status="PASS" start="2026-03-16T21:29:37.626465" elapsed="0.491045"/>
</kw>
<kw name="Enter Password" owner="admin_login_page">
<kw name="Input Password" owner="SeleniumLibrary">
<msg time="2026-03-16T21:29:38.118245" level="INFO">Typing password into text field 'name=password'.</msg>
<msg time="2026-03-16T21:29:38.386213" level="INFO">Temporally setting log level to: NONE</msg>
<arg>${PASSWORD_FIELD}</arg>
<arg>${password}</arg>
<doc>Types the given password into the text field identified by ``locator``.</doc>
<status status="PASS" start="2026-03-16T21:29:38.117994" elapsed="0.465863"/>
</kw>
<arg>${password}</arg>
<status status="PASS" start="2026-03-16T21:29:38.117720" elapsed="0.466301"/>
</kw>
<kw name="Click Login" owner="admin_login_page">
<kw name="Click Button" owner="SeleniumLibrary">
<msg time="2026-03-16T21:29:38.584937" level="INFO">Clicking button 'SIGN IN'.</msg>
<arg>${LOGIN_BUTTON}</arg>
<doc>Clicks the button identified by ``locator``.</doc>
<status status="PASS" start="2026-03-16T21:29:38.584669" elapsed="0.527929"/>
</kw>
<status status="PASS" start="2026-03-16T21:29:38.584301" elapsed="0.528584"/>
</kw>
<arg>${VALID_EMAIL}</arg>
<arg>${VALID_PASSWORD}</arg>
<status status="PASS" start="2026-03-16T21:29:37.625846" elapsed="1.487176"/>
</kw>
<kw name="Admin Dashboard Should Be Visible" owner="admin_login_page">
<kw name="Wait Until Page Contains" owner="SeleniumLibrary">
<arg>Dashboard</arg>
<arg>10s</arg>
<doc>Waits until ``text`` appears on the current page.</doc>
<status status="PASS" start="2026-03-16T21:29:39.114451" elapsed="0.386128"/>
</kw>
<status status="PASS" start="2026-03-16T21:29:39.113967" elapsed="0.386770"/>
</kw>
<kw name="Logout Admin User" owner="admin_login_page">
<kw name="Wait Until Keyword Succeeds" owner="BuiltIn">
<kw name="Click Element" owner="SeleniumLibrary">
<msg time="2026-03-16T21:29:39.502785" level="INFO">Clicking element 'xpath=//button[contains(., "d")]'.</msg>
<arg>${USER_MENU_BUTTON}</arg>
<doc>Click the element identified by ``locator``.</doc>
<status status="PASS" start="2026-03-16T21:29:39.502448" elapsed="0.307926"/>
</kw>
<arg>10s</arg>
<arg>1s</arg>
<arg>Click Element</arg>
<arg>${USER_MENU_BUTTON}</arg>
<doc>Runs the specified keyword and retries if it fails.</doc>
<status status="PASS" start="2026-03-16T21:29:39.501667" elapsed="0.308894"/>
</kw>
<kw name="Wait Until Element Is Visible" owner="SeleniumLibrary">
<arg>${LOGOUT_OPTION}</arg>
<arg>10s</arg>
<doc>Waits until the element ``locator`` is visible.</doc>
<status status="PASS" start="2026-03-16T21:29:39.810840" elapsed="0.293943"/>
</kw>
<kw name="Click Element" owner="SeleniumLibrary">
<msg time="2026-03-16T21:29:40.105926" level="INFO">Clicking element 'xpath=//*[normalize-space(.)="Logout"]'.</msg>
<arg>${LOGOUT_OPTION}</arg>
<doc>Click the element identified by ``locator``.</doc>
<status status="PASS" start="2026-03-16T21:29:40.105292" elapsed="0.394411"/>
</kw>
<kw name="Wait Until Element Is Visible" owner="SeleniumLibrary">
<arg>${EMAIL_FIELD}</arg>
<arg>10s</arg>
<doc>Waits until the element ``locator`` is visible.</doc>
<status status="PASS" start="2026-03-16T21:29:40.500274" elapsed="0.291235"/>
</kw>
<status status="PASS" start="2026-03-16T21:29:39.501282" elapsed="1.290410"/>
</kw>
<kw name="Close Browser" owner="SeleniumLibrary" type="TEARDOWN">
<doc>Closes the current browser.</doc>
<status status="PASS" start="2026-03-16T21:29:40.792281" elapsed="2.309124"/>
</kw>
<status status="PASS" start="2026-03-16T21:29:36.212270" elapsed="6.890281"/>
</test>
<test id="s1-t2" name="Invalid Admin Login With Wrong Password" line="25">
<kw name="Open Admin Login Page" owner="admin_login_page" type="SETUP">
<kw name="Open Browser" owner="SeleniumLibrary">
<msg time="2026-03-16T21:29:43.106243" level="INFO">Opening browser 'chrome' to base url 'http://localhost:3000/admin/login'.</msg>
<arg>${ADMIN_URL}</arg>
<arg>chrome</arg>
<doc>Opens a new browser instance to the optional ``url``.</doc>
<status status="PASS" start="2026-03-16T21:29:43.105860" elapsed="1.023575"/>
</kw>
<kw name="Set Selenium Speed" owner="SeleniumLibrary">
<arg>0.1s</arg>
<doc>Sets the delay that is waited after each Selenium command.</doc>
<status status="PASS" start="2026-03-16T21:29:44.129849" elapsed="0.000506"/>
</kw>
<kw name="Maximize Browser Window" owner="SeleniumLibrary">
<doc>Maximizes current browser window.</doc>
<status status="PASS" start="2026-03-16T21:29:44.130546" elapsed="0.142693"/>
</kw>
<kw name="Wait Until Element Is Visible" owner="SeleniumLibrary">
<arg>${EMAIL_FIELD}</arg>
<arg>10s</arg>
<doc>Waits until the element ``locator`` is visible.</doc>
<status status="PASS" start="2026-03-16T21:29:44.273737" elapsed="0.230150"/>
</kw>
<status status="PASS" start="2026-03-16T21:29:43.105316" elapsed="1.398814"/>
</kw>
<kw name="Login With Credentials" owner="admin_login_page">
<kw name="Enter Email" owner="admin_login_page">
<kw name="Input Text" owner="SeleniumLibrary">
<msg time="2026-03-16T21:29:44.506440" level="INFO">Typing text 'djolevukas@gmail.com' into text field 'id=field-email'.</msg>
<arg>${EMAIL_FIELD}</arg>
<arg>${email}</arg>
<doc>Types the given ``text`` into the text field identified by ``locator``.</doc>
<status status="PASS" start="2026-03-16T21:29:44.506026" elapsed="0.505381"/>
</kw>
<arg>${email}</arg>
<status status="PASS" start="2026-03-16T21:29:44.505547" elapsed="0.506330"/>
</kw>
<kw name="Enter Password" owner="admin_login_page">
<kw name="Input Password" owner="SeleniumLibrary">
<msg time="2026-03-16T21:29:45.015264" level="INFO">Typing password into text field 'name=password'.</msg>
<msg time="2026-03-16T21:29:45.262704" level="INFO">Temporally setting log level to: NONE</msg>
<arg>${PASSWORD_FIELD}</arg>
<arg>${password}</arg>
<doc>Types the given password into the text field identified by ``locator``.</doc>
<status status="PASS" start="2026-03-16T21:29:45.013932" elapsed="0.397682"/>
</kw>
<arg>${password}</arg>
<status status="PASS" start="2026-03-16T21:29:45.012650" elapsed="0.399224"/>
</kw>
<kw name="Click Login" owner="admin_login_page">
<kw name="Click Button" owner="SeleniumLibrary">
<msg time="2026-03-16T21:29:45.412994" level="INFO">Clicking button 'SIGN IN'.</msg>
<arg>${LOGIN_BUTTON}</arg>
<doc>Clicks the button identified by ``locator``.</doc>
<status status="PASS" start="2026-03-16T21:29:45.412556" elapsed="0.571398"/>
</kw>
<status status="PASS" start="2026-03-16T21:29:45.412170" elapsed="0.571995"/>
</kw>
<arg>${VALID_EMAIL}</arg>
<arg>${INVALID_PASSWORD}</arg>
<status status="PASS" start="2026-03-16T21:29:44.504848" elapsed="1.479431"/>
</kw>
<kw name="Wait Until Page Contains" owner="SeleniumLibrary">
<arg>Invalid email or password</arg>
<arg>10s</arg>
<doc>Waits until ``text`` appears on the current page.</doc>
<status status="PASS" start="2026-03-16T21:29:45.984746" elapsed="0.433838"/>
</kw>
<kw name="Close Browser" owner="SeleniumLibrary" type="TEARDOWN">
<doc>Closes the current browser.</doc>
<status status="PASS" start="2026-03-16T21:29:46.420055" elapsed="2.297263"/>
</kw>
<status status="PASS" start="2026-03-16T21:29:43.104251" elapsed="5.613704"/>
</test>
<test id="s1-t3" name="Invalid Admin Login With Wrong Email" line="29">
<kw name="Open Admin Login Page" owner="admin_login_page" type="SETUP">
<kw name="Open Browser" owner="SeleniumLibrary">
<msg time="2026-03-16T21:29:48.720932" level="INFO">Opening browser 'chrome' to base url 'http://localhost:3000/admin/login'.</msg>
<arg>${ADMIN_URL}</arg>
<arg>chrome</arg>
<doc>Opens a new browser instance to the optional ``url``.</doc>
<status status="PASS" start="2026-03-16T21:29:48.720533" elapsed="1.533715"/>
</kw>
<kw name="Set Selenium Speed" owner="SeleniumLibrary">
<arg>0.1s</arg>
<doc>Sets the delay that is waited after each Selenium command.</doc>
<status status="PASS" start="2026-03-16T21:29:50.254502" elapsed="0.000275"/>
</kw>
<kw name="Maximize Browser Window" owner="SeleniumLibrary">
<doc>Maximizes current browser window.</doc>
<status status="PASS" start="2026-03-16T21:29:50.254915" elapsed="0.133491"/>
</kw>
<kw name="Wait Until Element Is Visible" owner="SeleniumLibrary">
<arg>${EMAIL_FIELD}</arg>
<arg>10s</arg>
<doc>Waits until the element ``locator`` is visible.</doc>
<status status="PASS" start="2026-03-16T21:29:50.388825" elapsed="0.245188"/>
</kw>
<status status="PASS" start="2026-03-16T21:29:48.719972" elapsed="1.914331"/>
</kw>
<kw name="Login With Credentials" owner="admin_login_page">
<kw name="Enter Email" owner="admin_login_page">
<kw name="Input Text" owner="SeleniumLibrary">
<msg time="2026-03-16T21:29:50.635795" level="INFO">Typing text 'wrong@email.com' into text field 'id=field-email'.</msg>
<arg>${EMAIL_FIELD}</arg>
<arg>${email}</arg>
<doc>Types the given ``text`` into the text field identified by ``locator``.</doc>
<status status="PASS" start="2026-03-16T21:29:50.635554" elapsed="0.430811"/>
</kw>
<arg>${email}</arg>
<status status="PASS" start="2026-03-16T21:29:50.635265" elapsed="0.431283"/>
</kw>
<kw name="Enter Password" owner="admin_login_page">
<kw name="Input Password" owner="SeleniumLibrary">
<msg time="2026-03-16T21:29:51.067893" level="INFO">Typing password into text field 'name=password'.</msg>
<msg time="2026-03-16T21:29:51.325973" level="INFO">Temporally setting log level to: NONE</msg>
<arg>${PASSWORD_FIELD}</arg>
<arg>${password}</arg>
<doc>Types the given password into the text field identified by ``locator``.</doc>
<status status="PASS" start="2026-03-16T21:29:51.067254" elapsed="0.424154"/>
</kw>
<arg>${password}</arg>
<status status="PASS" start="2026-03-16T21:29:51.066794" elapsed="0.424842"/>
</kw>
<kw name="Click Login" owner="admin_login_page">
<kw name="Click Button" owner="SeleniumLibrary">
<msg time="2026-03-16T21:29:51.492988" level="INFO">Clicking button 'SIGN IN'.</msg>
<arg>${LOGIN_BUTTON}</arg>
<doc>Clicks the button identified by ``locator``.</doc>
<status status="PASS" start="2026-03-16T21:29:51.492571" elapsed="0.572336"/>
</kw>
<status status="PASS" start="2026-03-16T21:29:51.491955" elapsed="0.573294"/>
</kw>
<arg>${INVALID_EMAIL}</arg>
<arg>${VALID_PASSWORD}</arg>
<status status="PASS" start="2026-03-16T21:29:50.634840" elapsed="1.430613"/>
</kw>
<kw name="Wait Until Page Contains" owner="SeleniumLibrary">
<arg>Invalid email or password</arg>
<arg>10s</arg>
<doc>Waits until ``text`` appears on the current page.</doc>
<status status="PASS" start="2026-03-16T21:29:52.066109" elapsed="0.118843"/>
</kw>
<kw name="Close Browser" owner="SeleniumLibrary" type="TEARDOWN">
<doc>Closes the current browser.</doc>
<status status="PASS" start="2026-03-16T21:29:52.186041" elapsed="2.295461"/>
</kw>
<status status="PASS" start="2026-03-16T21:29:48.718931" elapsed="5.763236"/>
</test>
<test id="s1-t4" name="Invalid Admin Login With Empty Password" line="33">
<kw name="Open Admin Login Page" owner="admin_login_page" type="SETUP">
<kw name="Open Browser" owner="SeleniumLibrary">
<msg time="2026-03-16T21:29:54.485024" level="INFO">Opening browser 'chrome' to base url 'http://localhost:3000/admin/login'.</msg>
<arg>${ADMIN_URL}</arg>
<arg>chrome</arg>
<doc>Opens a new browser instance to the optional ``url``.</doc>
<status status="PASS" start="2026-03-16T21:29:54.484658" elapsed="1.640879"/>
</kw>
<kw name="Set Selenium Speed" owner="SeleniumLibrary">
<arg>0.1s</arg>
<doc>Sets the delay that is waited after each Selenium command.</doc>
<status status="PASS" start="2026-03-16T21:29:56.125829" elapsed="0.000309"/>
</kw>
<kw name="Maximize Browser Window" owner="SeleniumLibrary">
<doc>Maximizes current browser window.</doc>
<status status="PASS" start="2026-03-16T21:29:56.126254" elapsed="0.143606"/>
</kw>
<kw name="Wait Until Element Is Visible" owner="SeleniumLibrary">
<arg>${EMAIL_FIELD}</arg>
<arg>10s</arg>
<doc>Waits until the element ``locator`` is visible.</doc>
<status status="PASS" start="2026-03-16T21:29:56.270301" elapsed="0.236341"/>
</kw>
<status status="PASS" start="2026-03-16T21:29:54.484118" elapsed="2.022776"/>
</kw>
<kw name="Login With Credentials" owner="admin_login_page">
<kw name="Enter Email" owner="admin_login_page">
<kw name="Input Text" owner="SeleniumLibrary">
<msg time="2026-03-16T21:29:56.509850" level="INFO">Typing text 'djolevukas@gmail.com' into text field 'id=field-email'.</msg>
<arg>${EMAIL_FIELD}</arg>
<arg>${email}</arg>
<doc>Types the given ``text`` into the text field identified by ``locator``.</doc>
<status status="PASS" start="2026-03-16T21:29:56.509435" elapsed="0.449096"/>
</kw>
<arg>${email}</arg>
<status status="PASS" start="2026-03-16T21:29:56.508964" elapsed="0.449855"/>
</kw>
<kw name="Enter Password" owner="admin_login_page">
<kw name="Input Password" owner="SeleniumLibrary">
<msg time="2026-03-16T21:29:56.960785" level="INFO">Typing password into text field 'name=password'.</msg>
<msg time="2026-03-16T21:29:57.200764" level="INFO">Temporally setting log level to: NONE</msg>
<arg>${PASSWORD_FIELD}</arg>
<arg>${password}</arg>
<doc>Types the given password into the text field identified by ``locator``.</doc>
<status status="PASS" start="2026-03-16T21:29:56.960321" elapsed="0.385599"/>
</kw>
<arg>${password}</arg>
<status status="PASS" start="2026-03-16T21:29:56.959220" elapsed="0.387047"/>
</kw>
<kw name="Click Login" owner="admin_login_page">
<kw name="Click Button" owner="SeleniumLibrary">
<msg time="2026-03-16T21:29:57.348023" level="INFO">Clicking button 'SIGN IN'.</msg>
<arg>${LOGIN_BUTTON}</arg>
<doc>Clicks the button identified by ``locator``.</doc>
<status status="PASS" start="2026-03-16T21:29:57.347507" elapsed="0.560711"/>
</kw>
<status status="PASS" start="2026-03-16T21:29:57.346755" elapsed="0.561795"/>
</kw>
<arg>${VALID_EMAIL}</arg>
<arg>${EMPTY}</arg>
<status status="PASS" start="2026-03-16T21:29:56.507681" elapsed="1.401022"/>
</kw>
<kw name="Wait Until Page Contains" owner="SeleniumLibrary">
<arg>Password is required</arg>
<doc>Waits until ``text`` appears on the current page.</doc>
<status status="PASS" start="2026-03-16T21:29:57.909532" elapsed="0.119750"/>
</kw>
<kw name="Close Browser" owner="SeleniumLibrary" type="TEARDOWN">
<doc>Closes the current browser.</doc>
<status status="PASS" start="2026-03-16T21:29:58.030341" elapsed="2.237527"/>
</kw>
<status status="PASS" start="2026-03-16T21:29:54.483278" elapsed="5.785448"/>
</test>
<test id="s1-t5" name="Invalid Admin Login With Empty Email" line="37">
<kw name="Open Admin Login Page" owner="admin_login_page" type="SETUP">
<kw name="Open Browser" owner="SeleniumLibrary">
<msg time="2026-03-16T21:30:00.271454" level="INFO">Opening browser 'chrome' to base url 'http://localhost:3000/admin/login'.</msg>
<arg>${ADMIN_URL}</arg>
<arg>chrome</arg>
<doc>Opens a new browser instance to the optional ``url``.</doc>
<status status="PASS" start="2026-03-16T21:30:00.271110" elapsed="1.532705"/>
</kw>
<kw name="Set Selenium Speed" owner="SeleniumLibrary">
<arg>0.1s</arg>
<doc>Sets the delay that is waited after each Selenium command.</doc>
<status status="PASS" start="2026-03-16T21:30:01.804113" elapsed="0.000313"/>
</kw>
<kw name="Maximize Browser Window" owner="SeleniumLibrary">
<doc>Maximizes current browser window.</doc>
<status status="PASS" start="2026-03-16T21:30:01.804599" elapsed="0.137647"/>
</kw>
<kw name="Wait Until Element Is Visible" owner="SeleniumLibrary">
<arg>${EMAIL_FIELD}</arg>
<arg>10s</arg>
<doc>Waits until the element ``locator`` is visible.</doc>
<status status="PASS" start="2026-03-16T21:30:01.942797" elapsed="0.226137"/>
</kw>
<status status="PASS" start="2026-03-16T21:30:00.270636" elapsed="1.898524"/>
</kw>
<kw name="Login With Credentials" owner="admin_login_page">
<kw name="Enter Email" owner="admin_login_page">
<kw name="Input Text" owner="SeleniumLibrary">
<msg time="2026-03-16T21:30:02.171846" level="INFO">Typing text '' into text field 'id=field-email'.</msg>
<arg>${EMAIL_FIELD}</arg>
<arg>${email}</arg>
<doc>Types the given ``text`` into the text field identified by ``locator``.</doc>
<status status="PASS" start="2026-03-16T21:30:02.171471" elapsed="0.397408"/>
</kw>
<arg>${email}</arg>
<status status="PASS" start="2026-03-16T21:30:02.170990" elapsed="0.398119"/>
</kw>
<kw name="Enter Password" owner="admin_login_page">
<kw name="Input Password" owner="SeleniumLibrary">
<msg time="2026-03-16T21:30:02.570313" level="INFO">Typing password into text field 'name=password'.</msg>
<msg time="2026-03-16T21:30:02.805070" level="INFO">Temporally setting log level to: NONE</msg>
<arg>${PASSWORD_FIELD}</arg>
<arg>${password}</arg>
<doc>Types the given password into the text field identified by ``locator``.</doc>
<status status="PASS" start="2026-03-16T21:30:02.569908" elapsed="0.416547"/>
</kw>
<arg>${password}</arg>
<status status="PASS" start="2026-03-16T21:30:02.569399" elapsed="0.417491"/>
</kw>
<kw name="Click Login" owner="admin_login_page">
<kw name="Click Button" owner="SeleniumLibrary">
<msg time="2026-03-16T21:30:02.989512" level="INFO">Clicking button 'SIGN IN'.</msg>
<arg>${LOGIN_BUTTON}</arg>
<doc>Clicks the button identified by ``locator``.</doc>
<status status="PASS" start="2026-03-16T21:30:02.988598" elapsed="0.599232"/>
</kw>
<status status="PASS" start="2026-03-16T21:30:02.987495" elapsed="0.600977"/>
</kw>
<arg>${EMPTY}</arg>
<arg>${VALID_PASSWORD}</arg>
<status status="PASS" start="2026-03-16T21:30:02.169863" elapsed="1.418896"/>
</kw>
<kw name="Wait Until Page Contains" owner="SeleniumLibrary">
<arg>Email is required</arg>
<doc>Waits until ``text`` appears on the current page.</doc>
<status status="PASS" start="2026-03-16T21:30:03.589582" elapsed="0.120852"/>
</kw>
<kw name="Close Browser" owner="SeleniumLibrary" type="TEARDOWN">
<doc>Closes the current browser.</doc>
<status status="PASS" start="2026-03-16T21:30:03.711224" elapsed="2.275544"/>
</kw>
<status status="PASS" start="2026-03-16T21:30:00.269789" elapsed="5.717363"/>
</test>
<test id="s1-t6" name="Invalid Admin Login With Empty Email And Password" line="41">
<kw name="Open Admin Login Page" owner="admin_login_page" type="SETUP">
<kw name="Open Browser" owner="SeleniumLibrary">
<msg time="2026-03-16T21:30:05.989027" level="INFO">Opening browser 'chrome' to base url 'http://localhost:3000/admin/login'.</msg>
<arg>${ADMIN_URL}</arg>
<arg>chrome</arg>
<doc>Opens a new browser instance to the optional ``url``.</doc>
<status status="PASS" start="2026-03-16T21:30:05.988870" elapsed="1.570937"/>
</kw>
<kw name="Set Selenium Speed" owner="SeleniumLibrary">
<arg>0.1s</arg>
<doc>Sets the delay that is waited after each Selenium command.</doc>
<status status="PASS" start="2026-03-16T21:30:07.560098" elapsed="0.000265"/>
</kw>
<kw name="Maximize Browser Window" owner="SeleniumLibrary">
<doc>Maximizes current browser window.</doc>
<status status="PASS" start="2026-03-16T21:30:07.560492" elapsed="0.140330"/>
</kw>
<kw name="Wait Until Element Is Visible" owner="SeleniumLibrary">
<arg>${EMAIL_FIELD}</arg>
<arg>10s</arg>
<doc>Waits until the element ``locator`` is visible.</doc>
<status status="PASS" start="2026-03-16T21:30:07.701330" elapsed="0.266909"/>
</kw>
<status status="PASS" start="2026-03-16T21:30:05.988626" elapsed="1.979850"/>
</kw>
<kw name="Login With Credentials" owner="admin_login_page">
<kw name="Enter Email" owner="admin_login_page">
<kw name="Input Text" owner="SeleniumLibrary">
<msg time="2026-03-16T21:30:07.972956" level="INFO">Typing text '' into text field 'id=field-email'.</msg>
<arg>${EMAIL_FIELD}</arg>
<arg>${email}</arg>
<doc>Types the given ``text`` into the text field identified by ``locator``.</doc>
<status status="PASS" start="2026-03-16T21:30:07.972221" elapsed="0.429674"/>
</kw>
<arg>${email}</arg>
<status status="PASS" start="2026-03-16T21:30:07.971591" elapsed="0.430519"/>
</kw>
<kw name="Enter Password" owner="admin_login_page">
<kw name="Input Password" owner="SeleniumLibrary">
<msg time="2026-03-16T21:30:08.403814" level="INFO">Typing password into text field 'name=password'.</msg>
<msg time="2026-03-16T21:30:08.656297" level="INFO">Temporally setting log level to: NONE</msg>
<arg>${PASSWORD_FIELD}</arg>
<arg>${password}</arg>
<doc>Types the given password into the text field identified by ``locator``.</doc>
<status status="PASS" start="2026-03-16T21:30:08.403108" elapsed="0.393870"/>
</kw>
<arg>${password}</arg>
<status status="PASS" start="2026-03-16T21:30:08.402415" elapsed="0.394787"/>
</kw>
<kw name="Click Login" owner="admin_login_page">
<kw name="Click Button" owner="SeleniumLibrary">
<msg time="2026-03-16T21:30:08.798337" level="INFO">Clicking button 'SIGN IN'.</msg>
<arg>${LOGIN_BUTTON}</arg>
<doc>Clicks the button identified by ``locator``.</doc>
<status status="PASS" start="2026-03-16T21:30:08.797945" elapsed="0.581489"/>
</kw>
<status status="PASS" start="2026-03-16T21:30:08.797502" elapsed="0.582251"/>
</kw>
<arg>${EMPTY}</arg>
<arg>${EMPTY}</arg>
<status status="PASS" start="2026-03-16T21:30:07.969365" elapsed="1.410573"/>
</kw>
<kw name="Wait Until Page Contains" owner="SeleniumLibrary">
<arg>Email is required</arg>
<doc>Waits until ``text`` appears on the current page.</doc>
<status status="PASS" start="2026-03-16T21:30:09.380980" elapsed="0.158838"/>
</kw>
<kw name="Close Browser" owner="SeleniumLibrary" type="TEARDOWN">
<doc>Closes the current browser.</doc>
<status status="PASS" start="2026-03-16T21:30:09.540727" elapsed="2.370279"/>
</kw>
<status status="PASS" start="2026-03-16T21:30:05.987963" elapsed="5.923998"/>
</test>
<test id="s1-t7" name="Invalid Admin Login With Short Password" line="45">
<kw name="Open Admin Login Page" owner="admin_login_page" type="SETUP">
<kw name="Open Browser" owner="SeleniumLibrary">
<msg time="2026-03-16T21:30:11.914800" level="INFO">Opening browser 'chrome' to base url 'http://localhost:3000/admin/login'.</msg>
<arg>${ADMIN_URL}</arg>
<arg>chrome</arg>
<doc>Opens a new browser instance to the optional ``url``.</doc>
<status status="PASS" start="2026-03-16T21:30:11.914447" elapsed="1.518785"/>
</kw>
<kw name="Set Selenium Speed" owner="SeleniumLibrary">
<arg>0.1s</arg>
<doc>Sets the delay that is waited after each Selenium command.</doc>
<status status="PASS" start="2026-03-16T21:30:13.433585" elapsed="0.000729"/>
</kw>
<kw name="Maximize Browser Window" owner="SeleniumLibrary">
<doc>Maximizes current browser window.</doc>
<status status="PASS" start="2026-03-16T21:30:13.434559" elapsed="0.131481"/>
</kw>
<kw name="Wait Until Element Is Visible" owner="SeleniumLibrary">
<arg>${EMAIL_FIELD}</arg>
<arg>10s</arg>
<doc>Waits until the element ``locator`` is visible.</doc>
<status status="PASS" start="2026-03-16T21:30:13.566573" elapsed="0.245095"/>
</kw>
<status status="PASS" start="2026-03-16T21:30:11.913951" elapsed="1.897962"/>
</kw>
<kw name="Login With Credentials" owner="admin_login_page">
<kw name="Enter Email" owner="admin_login_page">
<kw name="Input Text" owner="SeleniumLibrary">
<msg time="2026-03-16T21:30:13.820092" level="INFO">Typing text 'djolevukas@gmail.com' into text field 'id=field-email'.</msg>
<arg>${EMAIL_FIELD}</arg>
<arg>${email}</arg>
<doc>Types the given ``text`` into the text field identified by ``locator``.</doc>
<status status="PASS" start="2026-03-16T21:30:13.817617" elapsed="0.438458"/>
</kw>
<arg>${email}</arg>
<status status="PASS" start="2026-03-16T21:30:13.817099" elapsed="0.439697"/>
</kw>
<kw name="Enter Password" owner="admin_login_page">
<kw name="Input Password" owner="SeleniumLibrary">
<msg time="2026-03-16T21:30:14.258365" level="INFO">Typing password into text field 'name=password'.</msg>
<msg time="2026-03-16T21:30:14.513664" level="INFO">Temporally setting log level to: NONE</msg>
<arg>${PASSWORD_FIELD}</arg>
<arg>${password}</arg>
<doc>Types the given password into the text field identified by ``locator``.</doc>
<status status="PASS" start="2026-03-16T21:30:14.257983" elapsed="0.409967"/>
</kw>
<arg>${password}</arg>
<status status="PASS" start="2026-03-16T21:30:14.257467" elapsed="0.411508"/>
</kw>
<kw name="Click Login" owner="admin_login_page">
<kw name="Click Button" owner="SeleniumLibrary">
<msg time="2026-03-16T21:30:14.671586" level="INFO">Clicking button 'SIGN IN'.</msg>
<arg>${LOGIN_BUTTON}</arg>
<doc>Clicks the button identified by ``locator``.</doc>
<status status="PASS" start="2026-03-16T21:30:14.670805" elapsed="0.576666"/>
</kw>
<status status="PASS" start="2026-03-16T21:30:14.669638" elapsed="0.578133"/>
</kw>
<arg>${VALID_EMAIL}</arg>
<arg>${SHORT_PASSWORD}</arg>
<status status="PASS" start="2026-03-16T21:30:13.816476" elapsed="1.431430"/>
</kw>
<kw name="Wait Until Page Contains" owner="SeleniumLibrary">
<arg>Password must be at least 6 characters long</arg>
<doc>Waits until ``text`` appears on the current page.</doc>
<status status="PASS" start="2026-03-16T21:30:15.248582" elapsed="0.125480"/>
</kw>
<kw name="Close Browser" owner="SeleniumLibrary" type="TEARDOWN">
<doc>Closes the current browser.</doc>
<status status="PASS" start="2026-03-16T21:30:15.375151" elapsed="2.301460"/>
</kw>
<status status="PASS" start="2026-03-16T21:30:11.913068" elapsed="5.764233"/>
</test>
<test id="s1-t8" name="Invalid Admin Login With Invalid Email Format" line="49">
<kw name="Open Admin Login Page" owner="admin_login_page" type="SETUP">
<kw name="Open Browser" owner="SeleniumLibrary">
<msg time="2026-03-16T21:30:17.679823" level="INFO">Opening browser 'chrome' to base url 'http://localhost:3000/admin/login'.</msg>
<arg>${ADMIN_URL}</arg>
<arg>chrome</arg>
<doc>Opens a new browser instance to the optional ``url``.</doc>
<status status="PASS" start="2026-03-16T21:30:17.679503" elapsed="1.550893"/>
</kw>
<kw name="Set Selenium Speed" owner="SeleniumLibrary">
<arg>0.1s</arg>
<doc>Sets the delay that is waited after each Selenium command.</doc>
<status status="PASS" start="2026-03-16T21:30:19.230776" elapsed="0.000255"/>
</kw>
<kw name="Maximize Browser Window" owner="SeleniumLibrary">
<doc>Maximizes current browser window.</doc>
<status status="PASS" start="2026-03-16T21:30:19.231161" elapsed="0.136895"/>
</kw>
<kw name="Wait Until Element Is Visible" owner="SeleniumLibrary">
<arg>${EMAIL_FIELD}</arg>
<arg>10s</arg>
<doc>Waits until the element ``locator`` is visible.</doc>
<status status="PASS" start="2026-03-16T21:30:19.368682" elapsed="0.226882"/>
</kw>
<status status="PASS" start="2026-03-16T21:30:17.679071" elapsed="1.916761"/>
</kw>
<kw name="Login With Credentials" owner="admin_login_page">
<kw name="Enter Email" owner="admin_login_page">
<kw name="Input Text" owner="SeleniumLibrary">
<msg time="2026-03-16T21:30:19.598189" level="INFO">Typing text 'djolevukas' into text field 'id=field-email'.</msg>
<arg>${EMAIL_FIELD}</arg>
<arg>${email}</arg>
<doc>Types the given ``text`` into the text field identified by ``locator``.</doc>
<status status="PASS" start="2026-03-16T21:30:19.597777" elapsed="0.467613"/>
</kw>
<arg>${email}</arg>
<status status="PASS" start="2026-03-16T21:30:19.597317" elapsed="0.468450"/>
</kw>
<kw name="Enter Password" owner="admin_login_page">
<kw name="Input Password" owner="SeleniumLibrary">
<msg time="2026-03-16T21:30:20.068201" level="INFO">Typing password into text field 'name=password'.</msg>
<msg time="2026-03-16T21:30:20.303881" level="INFO">Temporally setting log level to: NONE</msg>
<arg>${PASSWORD_FIELD}</arg>
<arg>${password}</arg>
<doc>Types the given password into the text field identified by ``locator``.</doc>
<status status="PASS" start="2026-03-16T21:30:20.067305" elapsed="0.405763"/>
</kw>
<arg>${password}</arg>
<status status="PASS" start="2026-03-16T21:30:20.066117" elapsed="0.407268"/>
</kw>
<kw name="Click Login" owner="admin_login_page">
<kw name="Click Button" owner="SeleniumLibrary">
<msg time="2026-03-16T21:30:20.474878" level="INFO">Clicking button 'SIGN IN'.</msg>
<arg>${LOGIN_BUTTON}</arg>
<doc>Clicks the button identified by ``locator``.</doc>
<status status="PASS" start="2026-03-16T21:30:20.474436" elapsed="0.569494"/>
</kw>
<status status="PASS" start="2026-03-16T21:30:20.473815" elapsed="0.570352"/>
</kw>
<arg>${INVALID_EMAIL_FORMAT}</arg>
<arg>${VALID_PASSWORD}</arg>
<status status="PASS" start="2026-03-16T21:30:19.596649" elapsed="1.447639"/>
</kw>
<kw name="Wait Until Page Contains" owner="SeleniumLibrary">
<arg>Please enter a valid email address</arg>
<doc>Waits until ``text`` appears on the current page.</doc>
<status status="PASS" start="2026-03-16T21:30:21.044837" elapsed="0.126041"/>
</kw>
<kw name="Close Browser" owner="SeleniumLibrary" type="TEARDOWN">
<doc>Closes the current browser.</doc>
<status status="PASS" start="2026-03-16T21:30:21.172009" elapsed="2.242375"/>
</kw>
<status status="PASS" start="2026-03-16T21:30:17.678319" elapsed="5.736714"/>
</test>
<status status="PASS" start="2026-03-16T21:29:36.034548" elapsed="47.382128"/>
</suite>
<statistics>
<total>
<stat pass="8" fail="0" skip="0">All Tests</stat>
</total>
<tag>
</tag>
<suite>
<stat name="Admin Login Tests" id="s1" pass="8" fail="0" skip="0">Admin Login Tests</stat>
</suite>
</statistics>
<errors>
</errors>
</robot>
